<?xml version="1.0" encoding="UTF-8"?>
<testsuite xmlns:xsi="http://www.w3.org/2001/XMLSchema-instance" xsi:noNamespaceSchemaLocation="https://maven.apache.org/surefire/maven-surefire-plugin/xsd/surefire-test-report.xsd" name="danielmelobrasil.airtable.jdbc.AirtableSqlParserTest" time="0.015" tests="7" errors="0" skipped="0" failures="0">
  <properties>
[...]
</properties>
  <testcase name="parseSelectWithLeftJoin" classname="danielmelobrasil.airtable.jdbc.AirtableSqlParserTest" time="0.003"/>
  <testcase name="parseSimpleSelectAll" classname="danielmelobrasil.airtable.jdbc.AirtableSqlParserTest" time="0"/>
  <testcase name="parseAcceptsLeftJointTypo" classname="danielmelobrasil.airtable.jdbc.AirtableSqlParserTest" time="0"/>
  <testcase name="parseRejectsUnsupportedWhere" classname="danielmelobrasil.airtable.jdbc.AirtableSqlParserTest" time="0"/>
  <testcase name="parseRejectsNonSelectStatements" classname="danielmelobrasil.airtable.jdbc.AirtableSqlParserTest" time="0"/>
  <testcase name="parseSelectWithClauses" classname="danielmelobrasil.airtable.jdbc.AirtableSqlParserTest" time="0.001"/>
  <testcase name="parseRejectsSelectStarWithJoin" classname="danielmelobrasil.airtable.jdbc.AirtableSqlParserTest" time="0"/>
</testsuite>